<?xml version="1.0" encoding="UTF-8"?>
<coverage generated="1522941257499" clover="3.2.0">
  <project timestamp="1522941257499" name="All files">
    <metrics statements="41" coveredstatements="38" conditionals="26" coveredconditionals="22" methods="8" coveredmethods="7" elements="75" coveredelements="67" complexity="0" loc="41" ncloc="41" packages="5" files="6" classes="6">
      <package name="src.components.Indicator">
        <metrics statements="3" coveredstatements="3" conditionals="2" coveredconditionals="2" methods="1" coveredmethods="1"/>
        <file name="index.js" path="/Users/patricklai/work/hotel-safe/src/components/Indicator/index.js">
          <metrics statements="3" coveredstatements="3" conditionals="2" coveredconditionals="2" methods="1" coveredmethods="1"/>
          <line num="9" count="1" type="stmt"/>
          <line num="10" count="2" type="cond" truecount="2" falsecount="0"/>
          <line num="13" count="1" type="stmt"/>
        </file>
      </package>
      <package name="src.components.Numpad">
        <metrics statements="9" coveredstatements="9" conditionals="3" coveredconditionals="3" methods="4" coveredmethods="4"/>
        <file name="Button.js" path="/Users/patricklai/work/hotel-safe/src/components/Numpad/Button.js">
          <metrics statements="4" coveredstatements="4" conditionals="2" coveredconditionals="2" methods="2" coveredmethods="2"/>
          <line num="6" count="1" type="stmt"/>
          <line num="7" count="24" type="stmt"/>
          <line num="10" count="12" type="cond" truecount="2" falsecount="0"/>
          <line num="16" count="1" type="stmt"/>
        </file>
        <file name="index.js" path="/Users/patricklai/work/hotel-safe/src/components/Numpad/index.js">
          <metrics statements="5" coveredstatements="5" conditionals="1" coveredconditionals="1" methods="2" coveredmethods="2"/>
          <line num="11" count="1" type="stmt"/>
          <line num="13" count="1" type="cond" truecount="1" falsecount="0"/>
          <line num="14" count="2" type="stmt"/>
          <line num="16" count="24" type="stmt"/>
          <line num="21" count="1" type="stmt"/>
        </file>
      </package>
      <package name="src.components.Screen">
        <metrics statements="7" coveredstatements="7" conditionals="2" coveredconditionals="2" methods="1" coveredmethods="1"/>
        <file name="index.js" path="/Users/patricklai/work/hotel-safe/src/components/Screen/index.js">
          <metrics statements="7" coveredstatements="7" conditionals="2" coveredconditionals="2" methods="1" coveredmethods="1"/>
          <line num="9" count="1" type="stmt"/>
          <line num="11" count="3" type="stmt"/>
          <line num="12" count="3" type="cond" truecount="2" falsecount="0"/>
          <line num="14" count="1" type="stmt"/>
          <line num="15" count="1" type="stmt"/>
          <line num="20" count="3" type="stmt"/>
          <line num="27" count="1" type="stmt"/>
        </file>
      </package>
      <package name="src.reducers">
        <metrics statements="21" coveredstatements="18" conditionals="19" coveredconditionals="15" methods="2" coveredmethods="1"/>
        <file name="app.js" path="/Users/patricklai/work/hotel-safe/src/reducers/app.js">
          <metrics statements="21" coveredstatements="18" conditionals="19" coveredconditionals="15" methods="2" coveredmethods="1"/>
          <line num="12" count="1" type="stmt"/>
          <line num="20" count="1" type="stmt"/>
          <line num="23" count="10" type="stmt"/>
          <line num="25" count="10" type="cond" truecount="3" falsecount="1"/>
          <line num="28" count="3" type="cond" truecount="1" falsecount="1"/>
          <line num="29" count="0" type="stmt"/>
          <line num="30" count="0" type="stmt"/>
          <line num="34" count="3" type="cond" truecount="2" falsecount="0"/>
          <line num="35" count="2" type="stmt"/>
          <line num="38" count="2" type="stmt"/>
          <line num="41" count="2" type="cond" truecount="4" falsecount="0"/>
          <line num="42" count="1" type="stmt"/>
          <line num="43" count="1" type="stmt"/>
          <line num="44" count="1" type="stmt"/>
          <line num="46" count="1" type="cond" truecount="1" falsecount="1"/>
          <line num="51" count="2" type="stmt"/>
          <line num="55" count="6" type="cond" truecount="4" falsecount="0"/>
          <line num="57" count="2" type="stmt"/>
          <line num="58" count="2" type="stmt"/>
          <line num="61" count="1" type="stmt"/>
          <line num="63" count="0" type="stmt"/>
        </file>
      </package>
      <package name="tests._utils">
        <metrics statements="1" coveredstatements="1" conditionals="0" coveredconditionals="0" methods="0" coveredmethods="0"/>
        <file name="CSSStub.js" path="/Users/patricklai/work/hotel-safe/tests/_utils/CSSStub.js">
          <metrics statements="1" coveredstatements="1" conditionals="0" coveredconditionals="0" methods="0" coveredmethods="0"/>
          <line num="5" count="3" type="stmt"/>
        </file>
      </package>
    </metrics>
  </project>
</coverage>
