{"/Users/patricklai/work/hotel-safe/src/components/Indicator/index.js": {"path":"/Users/patricklai/work/hotel-safe/src/components/Indicator/index.js","statementMap":{"0":{"start":{"line":9,"column":18},"end":{"line":11,"column":1}},"1":{"start":{"line":10,"column":2},"end":{"line":10,"column":77}},"2":{"start":{"line":13,"column":0},"end":{"line":15,"column":2}}},"fnMap":{"0":{"name":"(anonymous_0)","decl":{"start":{"line":9,"column":18},"end":{"line":9,"column":19}},"loc":{"start":{"line":10,"column":2},"end":{"line":10,"column":77}},"line":10}},"branchMap":{"0":{"loc":{"start":{"line":10,"column":32},"end":{"line":10,"column":62}},"type":"cond-expr","locations":[{"start":{"line":10,"column":41},"end":{"line":10,"column":49}},{"start":{"line":10,"column":52},"end":{"line":10,"column":62}}],"line":10}},"s":{"0":1,"1":2,"2":1},"f":{"0":2},"b":{"0":[1,1]},"_coverageSchema":"332fd63041d2c1bcb487cc26dd0d5f7d97098a6c","hash":"46b168dca0212529f70daae2d84dcdca5b1965ac"}
,"/Users/patricklai/work/hotel-safe/src/components/Numpad/Button.js": {"path":"/Users/patricklai/work/hotel-safe/src/components/Numpad/Button.js","statementMap":{"0":{"start":{"line":6,"column":15},"end":{"line":14,"column":1}},"1":{"start":{"line":7,"column":2},"end":{"line":13,"column":11}},"2":{"start":{"line":10,"column":19},"end":{"line":10,"column":44}},"3":{"start":{"line":16,"column":0},"end":{"line":20,"column":2}}},"fnMap":{"0":{"name":"(anonymous_0)","decl":{"start":{"line":6,"column":15},"end":{"line":6,"column":16}},"loc":{"start":{"line":7,"column":2},"end":{"line":13,"column":11}},"line":7},"1":{"name":"(anonymous_1)","decl":{"start":{"line":10,"column":13},"end":{"line":10,"column":14}},"loc":{"start":{"line":10,"column":19},"end":{"line":10,"column":44}},"line":10}},"branchMap":{"0":{"loc":{"start":{"line":10,"column":19},"end":{"line":10,"column":44}},"type":"binary-expr","locations":[{"start":{"line":10,"column":19},"end":{"line":10,"column":26}},{"start":{"line":10,"column":30},"end":{"line":10,"column":44}}],"line":10}},"s":{"0":1,"1":24,"2":12,"3":1},"f":{"0":24,"1":12},"b":{"0":[12,12]},"_coverageSchema":"332fd63041d2c1bcb487cc26dd0d5f7d97098a6c","hash":"c0bae5b565c4329b4c2908ac4968c177b4e2f36b"}
,"/Users/patricklai/work/hotel-safe/src/components/Numpad/index.js": {"path":"/Users/patricklai/work/hotel-safe/src/components/Numpad/index.js","statementMap":{"0":{"start":{"line":11,"column":23},"end":{"line":11,"column":65}},"1":{"start":{"line":13,"column":15},"end":{"line":19,"column":1}},"2":{"start":{"line":14,"column":2},"end":{"line":18,"column":8}},"3":{"start":{"line":16,"column":6},"end":{"line":16,"column":72}},"4":{"start":{"line":21,"column":0},"end":{"line":24,"column":2}}},"fnMap":{"0":{"name":"(anonymous_0)","decl":{"start":{"line":13,"column":15},"end":{"line":13,"column":16}},"loc":{"start":{"line":14,"column":2},"end":{"line":18,"column":8}},"line":14},"1":{"name":"(anonymous_1)","decl":{"start":{"line":15,"column":17},"end":{"line":15,"column":18}},"loc":{"start":{"line":16,"column":6},"end":{"line":16,"column":72}},"line":16}},"branchMap":{"0":{"loc":{"start":{"line":13,"column":18},"end":{"line":13,"column":42}},"type":"default-arg","locations":[{"start":{"line":13,"column":28},"end":{"line":13,"column":42}}],"line":13}},"s":{"0":1,"1":1,"2":2,"3":24,"4":1},"f":{"0":2,"1":24},"b":{"0":[2]},"_coverageSchema":"332fd63041d2c1bcb487cc26dd0d5f7d97098a6c","hash":"683cf5e40995b6fb0f577c6dce6b60dab0abc67b"}
,"/Users/patricklai/work/hotel-safe/src/components/Screen/index.js": {"path":"/Users/patricklai/work/hotel-safe/src/components/Screen/index.js","statementMap":{"0":{"start":{"line":9,"column":15},"end":{"line":25,"column":1}},"1":{"start":{"line":11,"column":21},"end":{"line":11,"column":31}},"2":{"start":{"line":12,"column":2},"end":{"line":18,"column":3}},"3":{"start":{"line":14,"column":6},"end":{"line":14,"column":32}},"4":{"start":{"line":15,"column":6},"end":{"line":15,"column":12}},"5":{"start":{"line":20,"column":2},"end":{"line":24,"column":4}},"6":{"start":{"line":27,"column":0},"end":{"line":30,"column":2}}},"fnMap":{"0":{"name":"(anonymous_0)","decl":{"start":{"line":9,"column":15},"end":{"line":9,"column":16}},"loc":{"start":{"line":9,"column":40},"end":{"line":25,"column":1}},"line":9}},"branchMap":{"0":{"loc":{"start":{"line":12,"column":2},"end":{"line":18,"column":3}},"type":"switch","locations":[{"start":{"line":13,"column":4},"end":{"line":15,"column":12}},{"start":{"line":16,"column":4},"end":{"line":16,"column":12}}],"line":12}},"s":{"0":1,"1":3,"2":3,"3":1,"4":1,"5":3,"6":1},"f":{"0":3},"b":{"0":[1,2]},"_coverageSchema":"332fd63041d2c1bcb487cc26dd0d5f7d97098a6c","hash":"131e3cd534da14d324470b9b0cc58de6bb7b4c3a"}
,"/Users/patricklai/work/hotel-safe/src/reducers/app.js": {"path":"/Users/patricklai/work/hotel-safe/src/reducers/app.js","statementMap":{"0":{"start":{"line":12,"column":21},"end":{"line":17,"column":1}},"1":{"start":{"line":20,"column":12},"end":{"line":20,"column":47}},"2":{"start":{"line":20,"column":25},"end":{"line":20,"column":47}},"3":{"start":{"line":23,"column":45},"end":{"line":23,"column":50}},"4":{"start":{"line":25,"column":2},"end":{"line":64,"column":3}},"5":{"start":{"line":28,"column":6},"end":{"line":31,"column":7}},"6":{"start":{"line":29,"column":8},"end":{"line":29,"column":58}},"7":{"start":{"line":30,"column":8},"end":{"line":30,"column":28}},"8":{"start":{"line":34,"column":6},"end":{"line":34,"column":41}},"9":{"start":{"line":34,"column":28},"end":{"line":34,"column":41}},"10":{"start":{"line":35,"column":21},"end":{"line":35,"column":47}},"11":{"start":{"line":38,"column":23},"end":{"line":38,"column":60}},"12":{"start":{"line":41,"column":6},"end":{"line":49,"column":7}},"13":{"start":{"line":42,"column":24},"end":{"line":42,"column":52}},"14":{"start":{"line":43,"column":8},"end":{"line":43,"column":35}},"15":{"start":{"line":44,"column":8},"end":{"line":44,"column":26}},"16":{"start":{"line":46,"column":8},"end":{"line":48,"column":41}},"17":{"start":{"line":51,"column":6},"end":{"line":51,"column":39}},"18":{"start":{"line":55,"column":6},"end":{"line":55,"column":77}},"19":{"start":{"line":55,"column":38},"end":{"line":55,"column":77}},"20":{"start":{"line":57,"column":6},"end":{"line":57,"column":32}},"21":{"start":{"line":58,"column":6},"end":{"line":58,"column":71}},"22":{"start":{"line":61,"column":6},"end":{"line":61,"column":49}},"23":{"start":{"line":63,"column":6},"end":{"line":63,"column":19}}},"fnMap":{"0":{"name":"(anonymous_0)","decl":{"start":{"line":20,"column":12},"end":{"line":20,"column":13}},"loc":{"start":{"line":20,"column":25},"end":{"line":20,"column":47}},"line":20},"1":{"name":"(anonymous_1)","decl":{"start":{"line":22,"column":15},"end":{"line":22,"column":16}},"loc":{"start":{"line":22,"column":49},"end":{"line":65,"column":1}},"line":22}},"branchMap":{"0":{"loc":{"start":{"line":22,"column":16},"end":{"line":22,"column":36}},"type":"default-arg","locations":[{"start":{"line":22,"column":24},"end":{"line":22,"column":36}}],"line":22},"1":{"loc":{"start":{"line":25,"column":2},"end":{"line":64,"column":3}},"type":"switch","locations":[{"start":{"line":26,"column":4},"end":{"line":51,"column":39}},{"start":{"line":53,"column":4},"end":{"line":58,"column":71}},{"start":{"line":60,"column":4},"end":{"line":61,"column":49}},{"start":{"line":62,"column":4},"end":{"line":63,"column":19}}],"line":25},"2":{"loc":{"start":{"line":28,"column":6},"end":{"line":31,"column":7}},"type":"if","locations":[{"start":{"line":28,"column":6},"end":{"line":31,"column":7}},{"start":{"line":28,"column":6},"end":{"line":31,"column":7}}],"line":28},"3":{"loc":{"start":{"line":34,"column":6},"end":{"line":34,"column":41}},"type":"if","locations":[{"start":{"line":34,"column":6},"end":{"line":34,"column":41}},{"start":{"line":34,"column":6},"end":{"line":34,"column":41}}],"line":34},"4":{"loc":{"start":{"line":41,"column":6},"end":{"line":49,"column":7}},"type":"if","locations":[{"start":{"line":41,"column":6},"end":{"line":49,"column":7}},{"start":{"line":41,"column":6},"end":{"line":49,"column":7}}],"line":41},"5":{"loc":{"start":{"line":41,"column":10},"end":{"line":41,"column":39}},"type":"binary-expr","locations":[{"start":{"line":41,"column":10},"end":{"line":41,"column":16}},{"start":{"line":41,"column":20},"end":{"line":41,"column":39}}],"line":41},"6":{"loc":{"start":{"line":46,"column":8},"end":{"line":48,"column":40}},"type":"cond-expr","locations":[{"start":{"line":47,"column":12},"end":{"line":47,"column":39}},{"start":{"line":48,"column":12},"end":{"line":48,"column":40}}],"line":46},"7":{"loc":{"start":{"line":55,"column":6},"end":{"line":55,"column":77}},"type":"if","locations":[{"start":{"line":55,"column":6},"end":{"line":55,"column":77}},{"start":{"line":55,"column":6},"end":{"line":55,"column":77}}],"line":55},"8":{"loc":{"start":{"line":55,"column":10},"end":{"line":55,"column":36}},"type":"binary-expr","locations":[{"start":{"line":55,"column":10},"end":{"line":55,"column":16}},{"start":{"line":55,"column":20},"end":{"line":55,"column":36}}],"line":55}},"s":{"0":1,"1":1,"2":0,"3":10,"4":10,"5":3,"6":0,"7":0,"8":3,"9":1,"10":2,"11":2,"12":2,"13":1,"14":1,"15":1,"16":1,"17":2,"18":6,"19":4,"20":2,"21":2,"22":1,"23":0},"f":{"0":0,"1":10},"b":{"0":[0],"1":[3,6,1,0],"2":[0,3],"3":[1,2],"4":[1,1],"5":[2,1],"6":[0,1],"7":[4,2],"8":[6,4]},"_coverageSchema":"332fd63041d2c1bcb487cc26dd0d5f7d97098a6c","hash":"9eaeca8d3e84796d2d137f05c1c04158817cbf20"}
,"/Users/patricklai/work/hotel-safe/tests/_utils/CSSStub.js": {"path":"/Users/patricklai/work/hotel-safe/tests/_utils/CSSStub.js","statementMap":{"0":{"start":{"line":5,"column":0},"end":{"line":5,"column":20}}},"fnMap":{},"branchMap":{},"s":{"0":3},"f":{},"b":{},"_coverageSchema":"332fd63041d2c1bcb487cc26dd0d5f7d97098a6c","hash":"b803adb2b95a42c38080f6b7115c55a4a4c7a732"}
}
