TN:
SF:/Users/patricklai/work/hotel-safe/src/components/Indicator/index.js
FN:9,(anonymous_0)
FNF:1
FNH:1
FNDA:2,(anonymous_0)
DA:9,1
DA:10,2
DA:13,1
LF:3
LH:3
BRDA:10,0,0,1
BRDA:10,0,1,1
BRF:2
BRH:2
end_of_record
TN:
SF:/Users/patricklai/work/hotel-safe/src/components/Numpad/Button.js
FN:6,(anonymous_0)
FN:10,(anonymous_1)
FNF:2
FNH:2
FNDA:24,(anonymous_0)
FNDA:12,(anonymous_1)
DA:6,1
DA:7,24
DA:10,12
DA:16,1
LF:4
LH:4
BRDA:10,0,0,12
BRDA:10,0,1,12
BRF:2
BRH:2
end_of_record
TN:
SF:/Users/patricklai/work/hotel-safe/src/components/Numpad/index.js
FN:13,(anonymous_0)
FN:15,(anonymous_1)
FNF:2
FNH:2
FNDA:2,(anonymous_0)
FNDA:24,(anonymous_1)
DA:11,1
DA:13,1
DA:14,2
DA:16,24
DA:21,1
LF:5
LH:5
BRDA:13,0,0,2
BRF:1
BRH:1
end_of_record
TN:
SF:/Users/patricklai/work/hotel-safe/src/components/Screen/index.js
FN:9,(anonymous_0)
FNF:1
FNH:1
FNDA:3,(anonymous_0)
DA:9,1
DA:11,3
DA:12,3
DA:14,1
DA:15,1
DA:20,3
DA:27,1
LF:7
LH:7
BRDA:12,0,0,1
BRDA:12,0,1,2
BRF:2
BRH:2
end_of_record
TN:
SF:/Users/patricklai/work/hotel-safe/src/reducers/app.js
FN:20,(anonymous_0)
FN:22,(anonymous_1)
FNF:2
FNH:1
FNDA:0,(anonymous_0)
FNDA:10,(anonymous_1)
DA:12,1
DA:20,1
DA:23,10
DA:25,10
DA:28,3
DA:29,0
DA:30,0
DA:34,3
DA:35,2
DA:38,2
DA:41,2
DA:42,1
DA:43,1
DA:44,1
DA:46,1
DA:51,2
DA:55,6
DA:57,2
DA:58,2
DA:61,1
DA:63,0
LF:21
LH:18
BRDA:22,0,0,0
BRDA:25,1,0,3
BRDA:25,1,1,6
BRDA:25,1,2,1
BRDA:25,1,3,0
BRDA:28,2,0,0
BRDA:28,2,1,3
BRDA:34,3,0,1
BRDA:34,3,1,2
BRDA:41,4,0,1
BRDA:41,4,1,1
BRDA:41,5,0,2
BRDA:41,5,1,1
BRDA:46,6,0,0
BRDA:46,6,1,1
BRDA:55,7,0,4
BRDA:55,7,1,2
BRDA:55,8,0,6
BRDA:55,8,1,4
BRF:19
BRH:15
end_of_record
TN:
SF:/Users/patricklai/work/hotel-safe/tests/_utils/CSSStub.js
FNF:0
FNH:0
DA:5,3
LF:1
LH:1
BRF:0
BRH:0
end_of_record
